Config: 
seed = 2020 
logger = MMM4Rec-Arts 
hidden_size = 256 
inner_size = 256 
num_layers = 1 
embedding_drop_prob = 0.4 
dropout_prob = 0.4 
time_dropout_prob = 0.4 
loss_type = CE 
d_state = 64 
n_groups = 8 
d_conv = 4 
expand = 2 
head_dim = 64 
chunk_size = 32 
norm_eps = 1e-12 
model_compile = False 
large_file_mode = False 
is_linecache = False 
float32_precise = high 
is_ffn = True 
is_time = True 
p2p_residual = False 
is_kai_ming_init = False 
is_modality_bias = True 
text_embed_path = dataset/amazon-2018/processed/Arts/text_feat.pth 
vision_embed_path = dataset/amazon-2018/processed/Arts/image_feat.pth 
item_mm_fusion = static 
batch_size = 1024 
accumulation_steps = 8 
dataset_path = ./dataset/amazon-2018/processed/Arts 
max_len = 20 
shuffle = True 
Epoch = 100 
optimizer_lr = 0.0001 
weight_decay = 0.005 
stop_epoch = 10 
temperature = 0.8 
pretrain_checkpoint = saved/MMM4Rec/FHCKM/2025-05-08_16-47-00/the_40_epoch_model.ckpt 
top_k = [10, 20, 50] 
metrics = ['Hit', 'NDCG'] 
valid_metric = NDCG@10 
metrics_table_displays = True 
is_pbar = True 
user_num = 45486 
item_num = 21019 

MMM4Rec(
  (vision_in_layer_norm): LayerNorm((256,), eps=1e-12, elementwise_affine=True)
  (text_in_layer_norm): LayerNorm((256,), eps=1e-12, elementwise_affine=True)
  (layer_norm_time): LayerNorm((20,), eps=1e-12, elementwise_affine=True)
  (embedding_dropout): Dropout(p=0.4, inplace=False)
  (time_dropout): Dropout(p=0.4, inplace=False)
  (text_adapter): Sequential(
    (0): Linear(in_features=768, out_features=256, bias=True)
  )
  (vision_adapter): Sequential(
    (0): Linear(in_features=768, out_features=256, bias=True)
  )
  (encoder_ssd_layers): ModuleList(
    (0): TiSSDLayer(
      (ssd): TiSSD(
        (in_proj): Linear(in_features=256, out_features=2056, bias=True)
        (conv1d_1): Conv1d(1536, 1536, kernel_size=(4,), stride=(1,), padding=(3,), groups=1536)
        (conv1d4time_1): Conv1d(8, 8, kernel_size=(4,), stride=(1,), padding=(3,), groups=8)
        (conv1d4time_2): Conv1d(8, 8, kernel_size=(4,), stride=(1,), padding=(3,), groups=8)
        (mlp4time_scale): Sequential(
          (0): Dropout(p=0.4, inplace=False)
          (1): Linear(in_features=20, out_features=20, bias=True)
          (2): SiLU(inplace=True)
          (3): Linear(in_features=20, out_features=20, bias=True)
          (4): Tanhshrink()
        )
        (time_gate_residual): Sequential(
          (0): Dropout(p=0.4, inplace=False)
          (1): Linear(in_features=20, out_features=1, bias=True)
          (2): Sigmoid()
        )
        (time_layer_norm): LayerNorm((20,), eps=1e-12, elementwise_affine=True)
        (norm): RMSNorm()
        (out_proj): Linear(in_features=512, out_features=256, bias=True)
      )
      (dropout): Dropout(p=0.4, inplace=False)
      (layer_norm): LayerNorm((256,), eps=1e-12, elementwise_affine=True)
      (ffn): FeedForward(
        (fc1): Linear(in_features=256, out_features=256, bias=True)
        (fc2): Linear(in_features=256, out_features=256, bias=True)
        (dropout): Dropout(p=0.4, inplace=False)
        (act): Hardswish()
        (layer_norm): LayerNorm((256,), eps=1e-12, elementwise_affine=True)
      )
    )
  )
  (decoder_ssd_layers): ModuleList(
    (0): CoTiSSDLayer(
      (ssd): TiSSD(
        (in_proj): Linear(in_features=256, out_features=2056, bias=True)
        (conv1d_1): Conv1d(1536, 1536, kernel_size=(4,), stride=(1,), padding=(3,), groups=1536)
        (conv1d4time_1): Conv1d(8, 8, kernel_size=(4,), stride=(1,), padding=(3,), groups=8)
        (conv1d4time_2): Conv1d(8, 8, kernel_size=(4,), stride=(1,), padding=(3,), groups=8)
        (mlp4time_scale): Sequential(
          (0): Dropout(p=0.4, inplace=False)
          (1): Linear(in_features=20, out_features=20, bias=True)
          (2): SiLU(inplace=True)
          (3): Linear(in_features=20, out_features=20, bias=True)
          (4): Tanhshrink()
        )
        (time_gate_residual): Sequential(
          (0): Dropout(p=0.4, inplace=False)
          (1): Linear(in_features=20, out_features=1, bias=True)
          (2): Sigmoid()
        )
        (time_layer_norm): LayerNorm((20,), eps=1e-12, elementwise_affine=True)
        (norm): RMSNorm()
        (out_proj): Linear(in_features=512, out_features=256, bias=True)
      )
      (co_ssd): CoTiSSD(
        (u_in_proj): Linear(in_features=256, out_features=1032, bias=True)
        (z_in_proj): Linear(in_features=256, out_features=512, bias=True)
        (q_in_proj): Linear(in_features=256, out_features=512, bias=True)
        (u_conv1d): Conv1d(1024, 1024, kernel_size=(4,), stride=(1,), padding=(3,), groups=1024)
        (q_conv1d): Conv1d(512, 512, kernel_size=(4,), stride=(1,), padding=(3,), groups=512)
        (conv1d4time_1): Conv1d(8, 8, kernel_size=(4,), stride=(1,), padding=(3,), groups=8)
        (conv1d4time_2): Conv1d(8, 8, kernel_size=(4,), stride=(1,), padding=(3,), groups=8)
        (mlp4time_scale): Sequential(
          (0): Dropout(p=0.4, inplace=False)
          (1): Linear(in_features=20, out_features=20, bias=True)
          (2): SiLU(inplace=True)
          (3): Linear(in_features=20, out_features=20, bias=True)
          (4): Tanhshrink()
        )
        (norm): RMSNorm()
        (out_proj): Linear(in_features=512, out_features=256, bias=True)
      )
      (dropout): Dropout(p=0.4, inplace=False)
      (layer_norm): LayerNorm((256,), eps=1e-12, elementwise_affine=True)
      (co_layer_norm): LayerNorm((256,), eps=1e-12, elementwise_affine=True)
      (vision_complex_weight): Sequential(
        (0): ComplexLinear(
          (real): Linear(in_features=11, out_features=11, bias=True)
          (imag): Linear(in_features=11, out_features=11, bias=True)
        )
      )
      (text_complex_weight): Sequential(
        (0): ComplexLinear(
          (real): Linear(in_features=11, out_features=11, bias=True)
          (imag): Linear(in_features=11, out_features=11, bias=True)
        )
      )
      (co_complex_weight): Sequential(
        (0): ComplexLinear(
          (real): Linear(in_features=11, out_features=11, bias=True)
          (imag): Linear(in_features=11, out_features=11, bias=True)
        )
      )
      (ffn): FeedForward(
        (fc1): Linear(in_features=256, out_features=256, bias=True)
        (fc2): Linear(in_features=256, out_features=256, bias=True)
        (dropout): Dropout(p=0.4, inplace=False)
        (act): Hardswish()
        (layer_norm): LayerNorm((256,), eps=1e-12, elementwise_affine=True)
      )
    )
  )
  (loss_fct): CrossEntropyLoss()
)
Class code for 'MMM4Rec' saved to '/home/anonymous/projects/MMM4Rec/saved/MMM4Rec/Arts/2025-05-13_22-43-38/model_code/MMM4Rec.py'.
Class code for 'TiSSD' saved to '/home/anonymous/projects/MMM4Rec/saved/MMM4Rec/Arts/2025-05-13_22-43-38/model_code/TiSSD.py'.
Class code for 'TiSSDLayer' saved to '/home/anonymous/projects/MMM4Rec/saved/MMM4Rec/Arts/2025-05-13_22-43-38/model_code/TiSSDLayer.py'.
Class code for 'CoTiSSD' saved to '/home/anonymous/projects/MMM4Rec/saved/MMM4Rec/Arts/2025-05-13_22-43-38/model_code/CoTiSSD.py'.
Class code for 'CoTiSSDLayer' saved to '/home/anonymous/projects/MMM4Rec/saved/MMM4Rec/Arts/2025-05-13_22-43-38/model_code/CoTiSSDLayer.py'.
Class code for 'FeedForward' saved to '/home/anonymous/projects/MMM4Rec/saved/MMM4Rec/Arts/2025-05-13_22-43-38/model_code/FeedForward.py'.
load pretrained weights from: saved/MMM4Rec/FHCKM/2025-05-08_16-47-00/the_40_epoch_model.ckpt

-----------------***************** new epoch *****************-----------------

Training Epoch 1, Training Time 17.05930s, 
Training Total Loss 2130.04296875, Training Mean Loss 8.419142723083496, GPU RAM: 3.35 G/23.63 G
Validation Epoch 1, Validation Time 1.60158s 
╒══════════╤══════════╤══════════╤═══════════╤═══════════╤═══════════╕
│   Hit@10 │   Hit@20 │   Hit@50 │   NDCG@10 │   NDCG@20 │   NDCG@50 │
╞══════════╪══════════╪══════════╪═══════════╪═══════════╪═══════════╡
│ 0.121664 │ 0.163479 │ 0.235039 │ 0.0652979 │ 0.0758541 │  0.090029 │
╘══════════╧══════════╧══════════╧═══════════╧═══════════╧═══════════╛
save weight to /home/anonymous/projects/MMM4Rec/saved/MMM4Rec/Arts/2025-05-13_22-43-38/best_epoch_model.ckpt

-----------------***************** new epoch *****************-----------------

Training Epoch 2, Training Time 16.47069s, 
Training Total Loss 1986.3349609375, Training Mean Loss 7.851126670837402, GPU RAM: 3.76 G/23.63 G
Validation Epoch 2, Validation Time 1.05922s 
╒══════════╤══════════╤══════════╤═══════════╤═══════════╤═══════════╕
│   Hit@10 │   Hit@20 │   Hit@50 │   NDCG@10 │   NDCG@20 │   NDCG@50 │
╞══════════╪══════════╪══════════╪═══════════╪═══════════╪═══════════╡
│ 0.136504 │ 0.183837 │ 0.258233 │ 0.0761776 │ 0.0881005 │  0.102839 │
╘══════════╧══════════╧══════════╧═══════════╧═══════════╧═══════════╛
save weight to /home/anonymous/projects/MMM4Rec/saved/MMM4Rec/Arts/2025-05-13_22-43-38/best_epoch_model.ckpt

-----------------***************** new epoch *****************-----------------

Training Epoch 3, Training Time 16.46183s, 
Training Total Loss 1917.953369140625, Training Mean Loss 7.580843448638916, GPU RAM: 3.76 G/23.63 G
Validation Epoch 3, Validation Time 1.03204s 
╒══════════╤══════════╤══════════╤═══════════╤═══════════╤═══════════╕
│   Hit@10 │   Hit@20 │   Hit@50 │   NDCG@10 │   NDCG@20 │   NDCG@50 │
╞══════════╪══════════╪══════════╪═══════════╪═══════════╪═══════════╡
│ 0.144264 │ 0.192675 │ 0.270105 │ 0.0820564 │ 0.0942748 │  0.109625 │
╘══════════╧══════════╧══════════╧═══════════╧═══════════╧═══════════╛
save weight to /home/anonymous/projects/MMM4Rec/saved/MMM4Rec/Arts/2025-05-13_22-43-38/best_epoch_model.ckpt

-----------------***************** new epoch *****************-----------------

Training Epoch 4, Training Time 16.48307s, 
Training Total Loss 1856.7042236328125, Training Mean Loss 7.338752269744873, GPU RAM: 3.76 G/23.63 G
Validation Epoch 4, Validation Time 1.04990s 
╒══════════╤══════════╤══════════╤═══════════╤═══════════╤═══════════╕
│   Hit@10 │   Hit@20 │   Hit@50 │   NDCG@10 │   NDCG@20 │   NDCG@50 │
╞══════════╪══════════╪══════════╪═══════════╪═══════════╪═══════════╡
│ 0.145935 │ 0.196808 │ 0.274106 │  0.083907 │ 0.0967412 │  0.112079 │
╘══════════╧══════════╧══════════╧═══════════╧═══════════╧═══════════╛
save weight to /home/anonymous/projects/MMM4Rec/saved/MMM4Rec/Arts/2025-05-13_22-43-38/best_epoch_model.ckpt

-----------------***************** new epoch *****************-----------------

Training Epoch 5, Training Time 16.47747s, 
Training Total Loss 1794.4189453125, Training Mean Loss 7.092565059661865, GPU RAM: 3.76 G/23.63 G
Validation Epoch 5, Validation Time 1.05466s 
╒══════════╤══════════╤══════════╤═══════════╤═══════════╤═══════════╕
│   Hit@10 │   Hit@20 │   Hit@50 │   NDCG@10 │   NDCG@20 │   NDCG@50 │
╞══════════╪══════════╪══════════╪═══════════╪═══════════╪═══════════╡
│  0.14721 │  0.19716 │ 0.272611 │ 0.0850953 │ 0.0976863 │   0.11264 │
╘══════════╧══════════╧══════════╧═══════════╧═══════════╧═══════════╛
save weight to /home/anonymous/projects/MMM4Rec/saved/MMM4Rec/Arts/2025-05-13_22-43-38/best_epoch_model.ckpt

-----------------***************** new epoch *****************-----------------

Training Epoch 6, Training Time 16.47920s, 
Training Total Loss 1731.505859375, Training Mean Loss 6.843896865844727, GPU RAM: 3.76 G/23.63 G
Validation Epoch 6, Validation Time 1.03714s 
╒══════════╤══════════╤══════════╤═══════════╤═══════════╤═══════════╕
│   Hit@10 │   Hit@20 │   Hit@50 │   NDCG@10 │   NDCG@20 │   NDCG@50 │
╞══════════╪══════════╪══════════╪═══════════╪═══════════╪═══════════╡
│ 0.145232 │ 0.194543 │ 0.269665 │ 0.0848612 │ 0.0973063 │  0.112164 │
╘══════════╧══════════╧══════════╧═══════════╧═══════════╧═══════════╛
The validation set score has not improved for 1 consecutive epochs. 

-----------------***************** new epoch *****************-----------------

Training Epoch 7, Training Time 16.45369s, 
Training Total Loss 1670.9814453125, Training Mean Loss 6.60467004776001, GPU RAM: 3.76 G/23.63 G
Validation Epoch 7, Validation Time 1.04485s 
╒══════════╤══════════╤══════════╤═══════════╤═══════════╤═══════════╕
│   Hit@10 │   Hit@20 │   Hit@50 │   NDCG@10 │   NDCG@20 │   NDCG@50 │
╞══════════╪══════════╪══════════╪═══════════╪═══════════╪═══════════╡
│ 0.142615 │ 0.188739 │  0.26573 │ 0.0839337 │  0.095553 │  0.110806 │
╘══════════╧══════════╧══════════╧═══════════╧═══════════╧═══════════╛
The validation set score has not improved for 2 consecutive epochs. 

-----------------***************** new epoch *****************-----------------

Training Epoch 8, Training Time 16.45580s, 
Training Total Loss 1605.932861328125, Training Mean Loss 6.347560882568359, GPU RAM: 3.76 G/23.63 G
Validation Epoch 8, Validation Time 1.45050s 
╒══════════╤══════════╤══════════╤═══════════╤═══════════╤═══════════╕
│   Hit@10 │   Hit@20 │   Hit@50 │   NDCG@10 │   NDCG@20 │   NDCG@50 │
╞══════════╪══════════╪══════════╪═══════════╪═══════════╪═══════════╡
│ 0.139076 │ 0.186035 │ 0.258739 │ 0.0826611 │ 0.0944743 │  0.108867 │
╘══════════╧══════════╧══════════╧═══════════╧═══════════╧═══════════╛
The validation set score has not improved for 3 consecutive epochs. 

-----------------***************** new epoch *****************-----------------

Training Epoch 9, Training Time 16.06364s, 
Training Total Loss 1551.0081787109375, Training Mean Loss 6.130467414855957, GPU RAM: 3.76 G/23.63 G
Validation Epoch 9, Validation Time 1.46494s 
╒══════════╤══════════╤══════════╤═══════════╤═══════════╤═══════════╕
│   Hit@10 │   Hit@20 │   Hit@50 │   NDCG@10 │   NDCG@20 │   NDCG@50 │
╞══════════╪══════════╪══════════╪═══════════╪═══════════╪═══════════╡
│ 0.137295 │ 0.181726 │ 0.255024 │ 0.0820274 │  0.093228 │  0.107725 │
╘══════════╧══════════╧══════════╧═══════════╧═══════════╧═══════════╛
The validation set score has not improved for 4 consecutive epochs. 

-----------------***************** new epoch *****************-----------------

Training Epoch 10, Training Time 16.48642s, 
Training Total Loss 1503.66015625, Training Mean Loss 5.943321228027344, GPU RAM: 3.76 G/23.63 G
Validation Epoch 10, Validation Time 1.03041s 
╒══════════╤══════════╤══════════╤═══════════╤═══════════╤═══════════╕
│   Hit@10 │   Hit@20 │   Hit@50 │   NDCG@10 │   NDCG@20 │   NDCG@50 │
╞══════════╪══════════╪══════════╪═══════════╪═══════════╪═══════════╡
│ 0.133821 │ 0.177022 │ 0.249176 │ 0.0815609 │ 0.0924512 │  0.106777 │
╘══════════╧══════════╧══════════╧═══════════╧═══════════╧═══════════╛
The validation set score has not improved for 5 consecutive epochs. 

-----------------***************** new epoch *****************-----------------

Training Epoch 11, Training Time 16.49425s, 
Training Total Loss 1449.20751953125, Training Mean Loss 5.728093147277832, GPU RAM: 3.76 G/23.63 G
Validation Epoch 11, Validation Time 1.05369s 
╒══════════╤══════════╤══════════╤═══════════╤═══════════╤═══════════╕
│   Hit@10 │   Hit@20 │   Hit@50 │   NDCG@10 │   NDCG@20 │   NDCG@50 │
╞══════════╪══════════╪══════════╪═══════════╪═══════════╪═══════════╡
│ 0.130392 │ 0.172844 │ 0.241811 │ 0.0799391 │ 0.0906522 │  0.104315 │
╘══════════╧══════════╧══════════╧═══════════╧═══════════╧═══════════╛
The validation set score has not improved for 6 consecutive epochs. 

-----------------***************** new epoch *****************-----------------

Training Epoch 12, Training Time 16.48388s, 
Training Total Loss 1409.248779296875, Training Mean Loss 5.570153713226318, GPU RAM: 3.76 G/23.63 G
Validation Epoch 12, Validation Time 1.04707s 
╒══════════╤══════════╤══════════╤═══════════╤═══════════╤═══════════╕
│   Hit@10 │   Hit@20 │   Hit@50 │   NDCG@10 │   NDCG@20 │   NDCG@50 │
╞══════════╪══════════╪══════════╪═══════════╪═══════════╪═══════════╡
│ 0.129512 │ 0.169767 │ 0.239238 │ 0.0801003 │ 0.0902431 │  0.104056 │
╘══════════╧══════════╧══════════╧═══════════╧═══════════╧═══════════╛
The validation set score has not improved for 7 consecutive epochs. 

-----------------***************** new epoch *****************-----------------

Training Epoch 13, Training Time 16.48311s, 
Training Total Loss 1368.205322265625, Training Mean Loss 5.407926559448242, GPU RAM: 3.76 G/23.63 G
Validation Epoch 13, Validation Time 1.04147s 
╒══════════╤══════════╤══════════╤═══════════╤═══════════╤═══════════╕
│   Hit@10 │   Hit@20 │   Hit@50 │   NDCG@10 │   NDCG@20 │   NDCG@50 │
╞══════════╪══════════╪══════════╪═══════════╪═══════════╪═══════════╡
│ 0.126039 │ 0.166623 │ 0.233698 │ 0.0788171 │ 0.0890555 │  0.102361 │
╘══════════╧══════════╧══════════╧═══════════╧═══════════╧═══════════╛
The validation set score has not improved for 8 consecutive epochs. 

-----------------***************** new epoch *****************-----------------

Training Epoch 14, Training Time 16.49872s, 
Training Total Loss 1327.6605224609375, Training Mean Loss 5.2476701736450195, GPU RAM: 3.76 G/23.63 G
Validation Epoch 14, Validation Time 1.06532s 
╒══════════╤══════════╤══════════╤═══════════╤═══════════╤═══════════╕
│   Hit@10 │   Hit@20 │   Hit@50 │   NDCG@10 │   NDCG@20 │   NDCG@50 │
╞══════════╪══════════╪══════════╪═══════════╪═══════════╪═══════════╡
│ 0.123159 │ 0.163699 │ 0.230532 │ 0.0778454 │ 0.0880751 │  0.101299 │
╘══════════╧══════════╧══════════╧═══════════╧═══════════╧═══════════╛
The validation set score has not improved for 9 consecutive epochs. 

-----------------***************** new epoch *****************-----------------

Training Epoch 15, Training Time 16.49176s, 
Training Total Loss 1286.111572265625, Training Mean Loss 5.083445072174072, GPU RAM: 3.76 G/23.63 G
Validation Epoch 15, Validation Time 1.05062s 
╒══════════╤══════════╤══════════╤═══════════╤═══════════╤═══════════╕
│   Hit@10 │   Hit@20 │   Hit@50 │   NDCG@10 │   NDCG@20 │   NDCG@50 │
╞══════════╪══════════╪══════════╪═══════════╪═══════════╪═══════════╡
│ 0.121708 │ 0.160357 │  0.22497 │ 0.0771994 │ 0.0869355 │ 0.0997041 │
╘══════════╧══════════╧══════════╧═══════════╧═══════════╧═══════════╛
The validation set score has not improved for 10 consecutive epochs. 
Trigger early stop, the Epoch 5 is the best epoch of validation results, best_val_score is 0.0850953459739685.

The training is over and the test begins.


-----------------***************** Test *****************-----------------

load weights from: /home/anonymous/projects/MMM4Rec/saved/MMM4Rec/Arts/2025-05-13_22-43-38/best_epoch_model.ckpt, resume epoch: 5, best val score: 0.0850953459739685
Test Time 1.18329s 
Test Metrics: 
╒══════════╤══════════╤══════════╤═══════════╤═══════════╤═══════════╕
│   Hit@10 │   Hit@20 │   Hit@50 │   NDCG@10 │   NDCG@20 │   NDCG@50 │
╞══════════╪══════════╪══════════╪═══════════╪═══════════╪═══════════╡
│ 0.130744 │ 0.175417 │ 0.248626 │  0.077688 │ 0.0889432 │  0.103438 │
╘══════════╧══════════╧══════════╧═══════════╧═══════════╧═══════════╛
